<?xml version="1.0" encoding="UTF-8"?>
<testsuite xmlns:xsi="http://www.w3.org/2001/XMLSchema-instance" xsi:noNamespaceSchemaLocation="https://maven.apache.org/surefire/maven-surefire-plugin/xsd/surefire-test-report-3.0.xsd" version="3.0" name="unlp.info.bd2.ToursApplicationTests" time="2.477" tests="1" errors="0" skipped="0" failures="0">
  <properties>
    <property name="java.specification.version" value="17"/>
    <property name="sun.jnu.encoding" value="UTF-8"/>
    <property name="java.class.path" value="/home/josue/Escritorio/bbdd2/tpbd2025_tours/target/test-classes:/home/josue/Escritorio/bbdd2/tpbd2025_tours/target/classes:/home/josue/.m2/repository/org/springframework/boot/spring-boot-starter/3.2.3/spring-boot-starter-3.2.3.jar:/home/josue/.m2/repository/org/springframework/boot/spring-boot/3.2.3/spring-boot-3.2.3.jar:/home/josue/.m2/repository/org/springframework/spring-context/6.1.4/spring-context-6.1.4.jar:/home/josue/.m2/repository/org/springframework/spring-aop/6.1.4/spring-aop-6.1.4.jar:/home/josue/.m2/repository/org/springframework/spring-expression/6.1.4/spring-expression-6.1.4.jar:/home/josue/.m2/repository/io/micrometer/micrometer-observation/1.12.3/micrometer-observation-1.12.3.jar:/home/josue/.m2/repository/io/micrometer/micrometer-commons/1.12.3/micrometer-commons-1.12.3.jar:/home/josue/.m2/repository/org/springframework/boot/spring-boot-autoconfigure/3.2.3/spring-boot-autoconfigure-3.2.3.jar:/home/josue/.m2/repository/org/springframework/boot/spring-boot-starter-logging/3.2.3/spring-boot-starter-logging-3.2.3.jar:/home/josue/.m2/repository/ch/qos/logback/logback-classic/1.4.14/logback-classic-1.4.14.jar:/home/josue/.m2/repository/ch/qos/logback/logback-core/1.4.14/logback-core-1.4.14.jar:/home/josue/.m2/repository/org/apache/logging/log4j/log4j-to-slf4j/2.21.1/log4j-to-slf4j-2.21.1.jar:/home/josue/.m2/repository/org/apache/logging/log4j/log4j-api/2.21.1/log4j-api-2.21.1.jar:/home/josue/.m2/repository/org/slf4j/jul-to-slf4j/2.0.12/jul-to-slf4j-2.0.12.jar:/home/josue/.m2/repository/jakarta/annotation/jakarta.annotation-api/2.1.1/jakarta.annotation-api-2.1.1.jar:/home/josue/.m2/repository/org/springframework/spring-core/6.1.4/spring-core-6.1.4.jar:/home/josue/.m2/repository/org/springframework/spring-jcl/6.1.4/spring-jcl-6.1.4.jar:/home/josue/.m2/repository/org/yaml/snakeyaml/2.2/snakeyaml-2.2.jar:/home/josue/.m2/repository/org/springframework/spring-tx/6.0.12/spring-tx-6.0.12.jar:/home/josue/.m2/repository/org/springframework/spring-beans/6.1.4/spring-beans-6.1.4.jar:/home/josue/.m2/repository/org/springframework/spring-orm/6.0.12/spring-orm-6.0.12.jar:/home/josue/.m2/repository/org/springframework/spring-jdbc/6.1.4/spring-jdbc-6.1.4.jar:/home/josue/.m2/repository/org/hibernate/orm/hibernate-core/6.4.3.Final/hibernate-core-6.4.3.Final.jar:/home/josue/.m2/repository/jakarta/persistence/jakarta.persistence-api/3.1.0/jakarta.persistence-api-3.1.0.jar:/home/josue/.m2/repository/jakarta/transaction/jakarta.transaction-api/2.0.1/jakarta.transaction-api-2.0.1.jar:/home/josue/.m2/repository/org/jboss/logging/jboss-logging/3.5.3.Final/jboss-logging-3.5.3.Final.jar:/home/josue/.m2/repository/org/hibernate/common/hibernate-commons-annotations/6.0.6.Final/hibernate-commons-annotations-6.0.6.Final.jar:/home/josue/.m2/repository/io/smallrye/jandex/3.1.2/jandex-3.1.2.jar:/home/josue/.m2/repository/com/fasterxml/classmate/1.6.0/classmate-1.6.0.jar:/home/josue/.m2/repository/net/bytebuddy/byte-buddy/1.14.12/byte-buddy-1.14.12.jar:/home/josue/.m2/repository/jakarta/xml/bind/jakarta.xml.bind-api/4.0.1/jakarta.xml.bind-api-4.0.1.jar:/home/josue/.m2/repository/jakarta/activation/jakarta.activation-api/2.1.2/jakarta.activation-api-2.1.2.jar:/home/josue/.m2/repository/org/glassfish/jaxb/jaxb-runtime/4.0.4/jaxb-runtime-4.0.4.jar:/home/josue/.m2/repository/org/glassfish/jaxb/jaxb-core/4.0.4/jaxb-core-4.0.4.jar:/home/josue/.m2/repository/org/eclipse/angus/angus-activation/2.0.1/angus-activation-2.0.1.jar:/home/josue/.m2/repository/org/glassfish/jaxb/txw2/4.0.4/txw2-4.0.4.jar:/home/josue/.m2/repository/com/sun/istack/istack-commons-runtime/4.1.2/istack-commons-runtime-4.1.2.jar:/home/josue/.m2/repository/jakarta/inject/jakarta.inject-api/2.0.1/jakarta.inject-api-2.0.1.jar:/home/josue/.m2/repository/org/antlr/antlr4-runtime/4.13.0/antlr4-runtime-4.13.0.jar:/home/josue/.m2/repository/com/mysql/mysql-connector-j/8.0.33/mysql-connector-j-8.0.33.jar:/home/josue/.m2/repository/org/springframework/boot/spring-boot-starter-test/3.2.3/spring-boot-starter-test-3.2.3.jar:/home/josue/.m2/repository/org/springframework/boot/spring-boot-test/3.2.3/spring-boot-test-3.2.3.jar:/home/josue/.m2/repository/org/springframework/boot/spring-boot-test-autoconfigure/3.2.3/spring-boot-test-autoconfigure-3.2.3.jar:/home/josue/.m2/repository/com/jayway/jsonpath/json-path/2.9.0/json-path-2.9.0.jar:/home/josue/.m2/repository/org/slf4j/slf4j-api/2.0.12/slf4j-api-2.0.12.jar:/home/josue/.m2/repository/net/minidev/json-smart/2.5.0/json-smart-2.5.0.jar:/home/josue/.m2/repository/net/minidev/accessors-smart/2.5.0/accessors-smart-2.5.0.jar:/home/josue/.m2/repository/org/ow2/asm/asm/9.3/asm-9.3.jar:/home/josue/.m2/repository/org/assertj/assertj-core/3.24.2/assertj-core-3.24.2.jar:/home/josue/.m2/repository/org/awaitility/awaitility/4.2.0/awaitility-4.2.0.jar:/home/josue/.m2/repository/org/hamcrest/hamcrest/2.2/hamcrest-2.2.jar:/home/josue/.m2/repository/org/junit/jupiter/junit-jupiter/5.10.2/junit-jupiter-5.10.2.jar:/home/josue/.m2/repository/org/junit/jupiter/junit-jupiter-api/5.10.2/junit-jupiter-api-5.10.2.jar:/home/josue/.m2/repository/org/opentest4j/opentest4j/1.3.0/opentest4j-1.3.0.jar:/home/josue/.m2/repository/org/junit/platform/junit-platform-commons/1.10.2/junit-platform-commons-1.10.2.jar:/home/josue/.m2/repository/org/apiguardian/apiguardian-api/1.1.2/apiguardian-api-1.1.2.jar:/home/josue/.m2/repository/org/junit/jupiter/junit-jupiter-params/5.10.2/junit-jupiter-params-5.10.2.jar:/home/josue/.m2/repository/org/junit/jupiter/junit-jupiter-engine/5.10.2/junit-jupiter-engine-5.10.2.jar:/home/josue/.m2/repository/org/junit/platform/junit-platform-engine/1.10.2/junit-platform-engine-1.10.2.jar:/home/josue/.m2/repository/org/mockito/mockito-core/5.7.0/mockito-core-5.7.0.jar:/home/josue/.m2/repository/net/bytebuddy/byte-buddy-agent/1.14.12/byte-buddy-agent-1.14.12.jar:/home/josue/.m2/repository/org/objenesis/objenesis/3.3/objenesis-3.3.jar:/home/josue/.m2/repository/org/mockito/mockito-junit-jupiter/5.7.0/mockito-junit-jupiter-5.7.0.jar:/home/josue/.m2/repository/org/skyscreamer/jsonassert/1.5.1/jsonassert-1.5.1.jar:/home/josue/.m2/repository/com/vaadin/external/google/android-json/0.0.20131108.vaadin1/android-json-0.0.20131108.vaadin1.jar:/home/josue/.m2/repository/org/springframework/spring-test/6.1.4/spring-test-6.1.4.jar:/home/josue/.m2/repository/org/xmlunit/xmlunit-core/2.9.1/xmlunit-core-2.9.1.jar:/home/josue/.m2/repository/commons-dbcp/commons-dbcp/1.4/commons-dbcp-1.4.jar:/home/josue/.m2/repository/commons-pool/commons-pool/1.6/commons-pool-1.6.jar:/home/josue/.m2/repository/junit/junit/4.13.2/junit-4.13.2.jar:/home/josue/.m2/repository/org/hamcrest/hamcrest-core/2.2/hamcrest-core-2.2.jar:"/>
    <property name="java.vm.vendor" value="Ubuntu"/>
    <property name="sun.arch.data.model" value="64"/>
    <property name="java.vendor.url" value="https://ubuntu.com/"/>
    <property name="user.timezone" value="America/Argentina/Buenos_Aires"/>
    <property name="os.name" value="Linux"/>
    <property name="java.vm.specification.version" value="17"/>
    <property name="sun.java.launcher" value="SUN_STANDARD"/>
    <property name="user.country" value="ES"/>
    <property name="sun.boot.library.path" value="/usr/lib/jvm/java-17-openjdk-amd64/lib"/>
    <property name="sun.java.command" value="/home/josue/Escritorio/bbdd2/tpbd2025_tours/target/surefire/surefirebooter-20250405160528743_3.jar /home/josue/Escritorio/bbdd2/tpbd2025_tours/target/surefire 2025-04-05T16-05-28_686-jvmRun1 surefire-20250405160528743_1tmp surefire_0-20250405160528743_2tmp"/>
    <property name="jdk.debug" value="release"/>
    <property name="surefire.test.class.path" value="/home/josue/Escritorio/bbdd2/tpbd2025_tours/target/test-classes:/home/josue/Escritorio/bbdd2/tpbd2025_tours/target/classes:/home/josue/.m2/repository/org/springframework/boot/spring-boot-starter/3.2.3/spring-boot-starter-3.2.3.jar:/home/josue/.m2/repository/org/springframework/boot/spring-boot/3.2.3/spring-boot-3.2.3.jar:/home/josue/.m2/repository/org/springframework/spring-context/6.1.4/spring-context-6.1.4.jar:/home/josue/.m2/repository/org/springframework/spring-aop/6.1.4/spring-aop-6.1.4.jar:/home/josue/.m2/repository/org/springframework/spring-expression/6.1.4/spring-expression-6.1.4.jar:/home/josue/.m2/repository/io/micrometer/micrometer-observation/1.12.3/micrometer-observation-1.12.3.jar:/home/josue/.m2/repository/io/micrometer/micrometer-commons/1.12.3/micrometer-commons-1.12.3.jar:/home/josue/.m2/repository/org/springframework/boot/spring-boot-autoconfigure/3.2.3/spring-boot-autoconfigure-3.2.3.jar:/home/josue/.m2/repository/org/springframework/boot/spring-boot-starter-logging/3.2.3/spring-boot-starter-logging-3.2.3.jar:/home/josue/.m2/repository/ch/qos/logback/logback-classic/1.4.14/logback-classic-1.4.14.jar:/home/josue/.m2/repository/ch/qos/logback/logback-core/1.4.14/logback-core-1.4.14.jar:/home/josue/.m2/repository/org/apache/logging/log4j/log4j-to-slf4j/2.21.1/log4j-to-slf4j-2.21.1.jar:/home/josue/.m2/repository/org/apache/logging/log4j/log4j-api/2.21.1/log4j-api-2.21.1.jar:/home/josue/.m2/repository/org/slf4j/jul-to-slf4j/2.0.12/jul-to-slf4j-2.0.12.jar:/home/josue/.m2/repository/jakarta/annotation/jakarta.annotation-api/2.1.1/jakarta.annotation-api-2.1.1.jar:/home/josue/.m2/repository/org/springframework/spring-core/6.1.4/spring-core-6.1.4.jar:/home/josue/.m2/repository/org/springframework/spring-jcl/6.1.4/spring-jcl-6.1.4.jar:/home/josue/.m2/repository/org/yaml/snakeyaml/2.2/snakeyaml-2.2.jar:/home/josue/.m2/repository/org/springframework/spring-tx/6.0.12/spring-tx-6.0.12.jar:/home/josue/.m2/repository/org/springframework/spring-beans/6.1.4/spring-beans-6.1.4.jar:/home/josue/.m2/repository/org/springframework/spring-orm/6.0.12/spring-orm-6.0.12.jar:/home/josue/.m2/repository/org/springframework/spring-jdbc/6.1.4/spring-jdbc-6.1.4.jar:/home/josue/.m2/repository/org/hibernate/orm/hibernate-core/6.4.3.Final/hibernate-core-6.4.3.Final.jar:/home/josue/.m2/repository/jakarta/persistence/jakarta.persistence-api/3.1.0/jakarta.persistence-api-3.1.0.jar:/home/josue/.m2/repository/jakarta/transaction/jakarta.transaction-api/2.0.1/jakarta.transaction-api-2.0.1.jar:/home/josue/.m2/repository/org/jboss/logging/jboss-logging/3.5.3.Final/jboss-logging-3.5.3.Final.jar:/home/josue/.m2/repository/org/hibernate/common/hibernate-commons-annotations/6.0.6.Final/hibernate-commons-annotations-6.0.6.Final.jar:/home/josue/.m2/repository/io/smallrye/jandex/3.1.2/jandex-3.1.2.jar:/home/josue/.m2/repository/com/fasterxml/classmate/1.6.0/classmate-1.6.0.jar:/home/josue/.m2/repository/net/bytebuddy/byte-buddy/1.14.12/byte-buddy-1.14.12.jar:/home/josue/.m2/repository/jakarta/xml/bind/jakarta.xml.bind-api/4.0.1/jakarta.xml.bind-api-4.0.1.jar:/home/josue/.m2/repository/jakarta/activation/jakarta.activation-api/2.1.2/jakarta.activation-api-2.1.2.jar:/home/josue/.m2/repository/org/glassfish/jaxb/jaxb-runtime/4.0.4/jaxb-runtime-4.0.4.jar:/home/josue/.m2/repository/org/glassfish/jaxb/jaxb-core/4.0.4/jaxb-core-4.0.4.jar:/home/josue/.m2/repository/org/eclipse/angus/angus-activation/2.0.1/angus-activation-2.0.1.jar:/home/josue/.m2/repository/org/glassfish/jaxb/txw2/4.0.4/txw2-4.0.4.jar:/home/josue/.m2/repository/com/sun/istack/istack-commons-runtime/4.1.2/istack-commons-runtime-4.1.2.jar:/home/josue/.m2/repository/jakarta/inject/jakarta.inject-api/2.0.1/jakarta.inject-api-2.0.1.jar:/home/josue/.m2/repository/org/antlr/antlr4-runtime/4.13.0/antlr4-runtime-4.13.0.jar:/home/josue/.m2/repository/com/mysql/mysql-connector-j/8.0.33/mysql-connector-j-8.0.33.jar:/home/josue/.m2/repository/org/springframework/boot/spring-boot-starter-test/3.2.3/spring-boot-starter-test-3.2.3.jar:/home/josue/.m2/repository/org/springframework/boot/spring-boot-test/3.2.3/spring-boot-test-3.2.3.jar:/home/josue/.m2/repository/org/springframework/boot/spring-boot-test-autoconfigure/3.2.3/spring-boot-test-autoconfigure-3.2.3.jar:/home/josue/.m2/repository/com/jayway/jsonpath/json-path/2.9.0/json-path-2.9.0.jar:/home/josue/.m2/repository/org/slf4j/slf4j-api/2.0.12/slf4j-api-2.0.12.jar:/home/josue/.m2/repository/net/minidev/json-smart/2.5.0/json-smart-2.5.0.jar:/home/josue/.m2/repository/net/minidev/accessors-smart/2.5.0/accessors-smart-2.5.0.jar:/home/josue/.m2/repository/org/ow2/asm/asm/9.3/asm-9.3.jar:/home/josue/.m2/repository/org/assertj/assertj-core/3.24.2/assertj-core-3.24.2.jar:/home/josue/.m2/repository/org/awaitility/awaitility/4.2.0/awaitility-4.2.0.jar:/home/josue/.m2/repository/org/hamcrest/hamcrest/2.2/hamcrest-2.2.jar:/home/josue/.m2/repository/org/junit/jupiter/junit-jupiter/5.10.2/junit-jupiter-5.10.2.jar:/home/josue/.m2/repository/org/junit/jupiter/junit-jupiter-api/5.10.2/junit-jupiter-api-5.10.2.jar:/home/josue/.m2/repository/org/opentest4j/opentest4j/1.3.0/opentest4j-1.3.0.jar:/home/josue/.m2/repository/org/junit/platform/junit-platform-commons/1.10.2/junit-platform-commons-1.10.2.jar:/home/josue/.m2/repository/org/apiguardian/apiguardian-api/1.1.2/apiguardian-api-1.1.2.jar:/home/josue/.m2/repository/org/junit/jupiter/junit-jupiter-params/5.10.2/junit-jupiter-params-5.10.2.jar:/home/josue/.m2/repository/org/junit/jupiter/junit-jupiter-engine/5.10.2/junit-jupiter-engine-5.10.2.jar:/home/josue/.m2/repository/org/junit/platform/junit-platform-engine/1.10.2/junit-platform-engine-1.10.2.jar:/home/josue/.m2/repository/org/mockito/mockito-core/5.7.0/mockito-core-5.7.0.jar:/home/josue/.m2/repository/net/bytebuddy/byte-buddy-agent/1.14.12/byte-buddy-agent-1.14.12.jar:/home/josue/.m2/repository/org/objenesis/objenesis/3.3/objenesis-3.3.jar:/home/josue/.m2/repository/org/mockito/mockito-junit-jupiter/5.7.0/mockito-junit-jupiter-5.7.0.jar:/home/josue/.m2/repository/org/skyscreamer/jsonassert/1.5.1/jsonassert-1.5.1.jar:/home/josue/.m2/repository/com/vaadin/external/google/android-json/0.0.20131108.vaadin1/android-json-0.0.20131108.vaadin1.jar:/home/josue/.m2/repository/org/springframework/spring-test/6.1.4/spring-test-6.1.4.jar:/home/josue/.m2/repository/org/xmlunit/xmlunit-core/2.9.1/xmlunit-core-2.9.1.jar:/home/josue/.m2/repository/commons-dbcp/commons-dbcp/1.4/commons-dbcp-1.4.jar:/home/josue/.m2/repository/commons-pool/commons-pool/1.6/commons-pool-1.6.jar:/home/josue/.m2/repository/junit/junit/4.13.2/junit-4.13.2.jar:/home/josue/.m2/repository/org/hamcrest/hamcrest-core/2.2/hamcrest-core-2.2.jar:"/>
    <property name="sun.cpu.endian" value="little"/>
    <property name="user.home" value="/home/josue"/>
    <property name="user.language" value="es"/>
    <property name="java.specification.vendor" value="Oracle Corporation"/>
    <property name="java.version.date" value="2025-01-21"/>
    <property name="java.home" value="/usr/lib/jvm/java-17-openjdk-amd64"/>
    <property name="file.separator" value="/"/>
    <property name="basedir" value="/home/josue/Escritorio/bbdd2/tpbd2025_tours"/>
    <property name="java.vm.compressedOopsMode" value="Zero based"/>
    <property name="line.separator" value="&#10;"/>
    <property name="java.vm.specification.vendor" value="Oracle Corporation"/>
    <property name="java.specification.name" value="Java Platform API Specification"/>
    <property name="surefire.real.class.path" value="/home/josue/Escritorio/bbdd2/tpbd2025_tours/target/surefire/surefirebooter-20250405160528743_3.jar"/>
    <property name="sun.management.compiler" value="HotSpot 64-Bit Tiered Compilers"/>
    <property name="java.runtime.version" value="17.0.14+7-Ubuntu-124.04"/>
    <property name="user.name" value="josue"/>
    <property name="path.separator" value=":"/>
    <property name="os.version" value="6.8.0-35-generic"/>
    <property name="java.runtime.name" value="OpenJDK Runtime Environment"/>
    <property name="file.encoding" value="UTF-8"/>
    <property name="java.vm.name" value="OpenJDK 64-Bit Server VM"/>
    <property name="localRepository" value="/home/josue/.m2/repository"/>
    <property name="java.vendor.url.bug" value="https://bugs.launchpad.net/ubuntu/+source/openjdk-17"/>
    <property name="java.io.tmpdir" value="/tmp"/>
    <property name="java.version" value="17.0.14"/>
    <property name="user.dir" value="/home/josue/Escritorio/bbdd2/tpbd2025_tours"/>
    <property name="os.arch" value="amd64"/>
    <property name="java.vm.specification.name" value="Java Virtual Machine Specification"/>
    <property name="native.encoding" value="UTF-8"/>
    <property name="java.library.path" value="/usr/java/packages/lib:/usr/lib/x86_64-linux-gnu/jni:/lib/x86_64-linux-gnu:/usr/lib/x86_64-linux-gnu:/usr/lib/jni:/lib:/usr/lib"/>
    <property name="java.vm.info" value="mixed mode, sharing"/>
    <property name="java.vendor" value="Ubuntu"/>
    <property name="java.vm.version" value="17.0.14+7-Ubuntu-124.04"/>
    <property name="java.specification.maintenance.version" value="1"/>
    <property name="sun.io.unicode.encoding" value="UnicodeLittle"/>
    <property name="java.class.version" value="61.0"/>
  </properties>
  <testcase name="testStopFields" classname="unlp.info.bd2.ToursApplicationTests" time="0.342">
    <system-out><![CDATA[16:05:29.560 [main] INFO org.hibernate.Version -- HHH000412: Hibernate ORM core version 6.4.3.Final
16:05:29.597 [main] INFO org.hibernate.cache.internal.RegionFactoryInitiator -- HHH000026: Second-level cache disabled
16:05:29.840 [main] WARN org.hibernate.orm.deprecation -- HHH90000025: MySQLDialect does not need to be specified explicitly using 'hibernate.dialect' (remove the property setting and it will be selected by default)
16:05:30.516 [main] INFO org.hibernate.engine.transaction.jta.platform.internal.JtaPlatformInitiator -- HHH000489: No JTA platform available (set 'hibernate.transaction.jta.platform' to enable JTA platform integration)
Hibernate: 
    alter table itemService 
       drop 
       foreign key FK1aqbw302rat8sydw3us3mdqib
Hibernate: 
    alter table itemService 
       drop 
       foreign key FKmgdy5kcppija1du5jtidoirr6
Hibernate: 
    alter table purchase 
       drop 
       foreign key FKlcpdjfiob46rcasubm36h5386
Hibernate: 
    alter table purchase 
       drop 
       foreign key FKac24e0rjfu5fa672i91ux9ecm
Hibernate: 
    alter table review 
       drop 
       foreign key FK731w9xg0e85ajicsu83ljt0le
Hibernate: 
    alter table route_driver 
       drop 
       foreign key FK3khvk78ffrxfrw4o2q0kd89ef
Hibernate: 
    alter table route_driver 
       drop 
       foreign key FK7hlkkl6wpy9yt033oaswm3sh6
Hibernate: 
    alter table route_stop 
       drop 
       foreign key FKmu1b9fkhu2d4982t14wc4wjg9
Hibernate: 
    alter table route_stop 
       drop 
       foreign key FKrah0j8khs716aqhsqt3x5yxbw
Hibernate: 
    alter table route_tour_guide 
       drop 
       foreign key FKryy0iyrxsuyx7bfoeniv61gk8
Hibernate: 
    alter table route_tour_guide 
       drop 
       foreign key FKk07x1hkul7qy8j6vwl05ig3m5
Hibernate: 
    alter table service 
       drop 
       foreign key FK7e25rr8xu6adyi4gh3ieifp5c
Hibernate: 
    drop table if exists itemService
Hibernate: 
    drop table if exists purchase
Hibernate: 
    drop table if exists review
Hibernate: 
    drop table if exists route
Hibernate: 
    drop table if exists route_driver
Hibernate: 
    drop table if exists route_stop
Hibernate: 
    drop table if exists route_tour_guide
Hibernate: 
    drop table if exists service
Hibernate: 
    drop table if exists stop
Hibernate: 
    drop table if exists supplier
Hibernate: 
    drop table if exists User
Hibernate: 
    create table itemService (
        quantity integer,
        id bigint not null auto_increment,
        purchase_id bigint not null,
        service_id bigint not null,
        primary key (id)
    ) engine=InnoDB
Hibernate: 
    create table purchase (
        total_price float(23),
        date datetime(6) not null,
        id bigint not null auto_increment,
        route_id bigint not null,
        user_id bigint,
        code varchar(255) not null,
        primary key (id)
    ) engine=InnoDB
Hibernate: 
    create table review (
        rating integer,
        id bigint not null auto_increment,
        purchase_id bigint not null,
        comment varchar(255),
        primary key (id)
    ) engine=InnoDB
Hibernate: 
    create table route (
        maxNumberUsers integer,
        price float(23) not null,
        totalKm float(23),
        id bigint not null auto_increment,
        name varchar(100) not null,
        primary key (id)
    ) engine=InnoDB
Hibernate: 
    create table route_driver (
        driver_id bigint not null,
        route_id bigint not null
    ) engine=InnoDB
Hibernate: 
    create table route_stop (
        route_id bigint not null,
        stop_id bigint not null
    ) engine=InnoDB
Hibernate: 
    create table route_tour_guide (
        route_id bigint not null,
        tour_guide_id bigint not null
    ) engine=InnoDB
Hibernate: 
    create table service (
        price float(23),
        id bigint not null auto_increment,
        supplier_id bigint not null,
        name varchar(100),
        description TEXT,
        primary key (id)
    ) engine=InnoDB
Hibernate: 
    create table stop (
        id bigint not null auto_increment,
        name varchar(100) not null,
        description TEXT,
        primary key (id)
    ) engine=InnoDB
Hibernate: 
    create table supplier (
        id bigint not null auto_increment,
        authorizationNumber TEXT,
        businessName TEXT,
        primary key (id)
    ) engine=InnoDB
Hibernate: 
    create table User (
        active bit not null,
        birthdate date,
        id bigint not null auto_increment,
        phone_number varchar(20),
        user_type varchar(31) not null,
        email varchar(100) not null,
        expedient varchar(100) not null,
        name varchar(100),
        password varchar(100) not null,
        username varchar(100) not null,
        education varchar(255),
        primary key (id)
    ) engine=InnoDB
Hibernate: 
    alter table purchase 
       add constraint UK_2pwvqbnxy6v5c0y1baow5by8t unique (code)
Hibernate: 
    alter table review 
       add constraint UK_qv55tbygybrtvuyut6ropvfpr unique (purchase_id)
Hibernate: 
    alter table User 
       add constraint UK_e6gkqunxajvyxl5uctpl2vl2p unique (email)
Hibernate: 
    alter table User 
       add constraint UK_93hlgqpuwyt3w6tyuaork78bs unique (expedient)
Hibernate: 
    alter table User 
       add constraint UK_jreodf78a7pl5qidfh43axdfb unique (username)
Hibernate: 
    alter table itemService 
       add constraint FK1aqbw302rat8sydw3us3mdqib 
       foreign key (purchase_id) 
       references purchase (id)
Hibernate: 
    alter table itemService 
       add constraint FKmgdy5kcppija1du5jtidoirr6 
       foreign key (service_id) 
       references service (id)
Hibernate: 
    alter table purchase 
       add constraint FKlcpdjfiob46rcasubm36h5386 
       foreign key (route_id) 
       references route (id)
Hibernate: 
    alter table purchase 
       add constraint FKac24e0rjfu5fa672i91ux9ecm 
       foreign key (user_id) 
       references User (id)
Hibernate: 
    alter table review 
       add constraint FK731w9xg0e85ajicsu83ljt0le 
       foreign key (purchase_id) 
       references purchase (id)
Hibernate: 
    alter table route_driver 
       add constraint FK3khvk78ffrxfrw4o2q0kd89ef 
       foreign key (driver_id) 
       references User (id)
Hibernate: 
    alter table route_driver 
       add constraint FK7hlkkl6wpy9yt033oaswm3sh6 
       foreign key (route_id) 
       references route (id)
Hibernate: 
    alter table route_stop 
       add constraint FKmu1b9fkhu2d4982t14wc4wjg9 
       foreign key (stop_id) 
       references stop (id)
Hibernate: 
    alter table route_stop 
       add constraint FKrah0j8khs716aqhsqt3x5yxbw 
       foreign key (route_id) 
       references route (id)
Hibernate: 
    alter table route_tour_guide 
       add constraint FKryy0iyrxsuyx7bfoeniv61gk8 
       foreign key (tour_guide_id) 
       references User (id)
Hibernate: 
    alter table route_tour_guide 
       add constraint FKk07x1hkul7qy8j6vwl05ig3m5 
       foreign key (route_id) 
       references route (id)
Hibernate: 
    alter table service 
       add constraint FK7e25rr8xu6adyi4gh3ieifp5c 
       foreign key (supplier_id) 
       references supplier (id)
]]></system-out>
    <system-err><![CDATA[Loading class `com.mysql.jdbc.Driver'. This is deprecated. The new driver class is `com.mysql.cj.jdbc.Driver'. The driver is automatically registered via the SPI and manual loading of the driver class is generally unnecessary.
]]></system-err>
  </testcase>
</testsuite>